2025-09-16 09:20:42,404 - __main__ - INFO - ============================================================
2025-09-16 09:20:42,404 - __main__ - INFO - 🚀 MySQL 自動導入服務啟動
2025-09-16 09:20:42,405 - __main__ - INFO - 📁 監控目錄: /mnt/sql/incoming
2025-09-16 09:20:42,405 - __main__ - INFO - 🔄 掃描間隔: 10 秒
2025-09-16 09:20:42,405 - __main__ - INFO - 📦 批次大小: 1000
2025-09-16 09:20:42,405 - __main__ - INFO - ============================================================
2025-09-16 09:20:42,405 - __main__ - INFO - ✅ MySQL 連線成功
2025-09-16 09:22:12,446 - __main__ - INFO - 💤 無新檔案，等待 20 秒...
2025-09-16 09:25:32,506 - __main__ - INFO - 💤 無新檔案，等待 30 秒...
2025-09-16 09:30:32,552 - __main__ - INFO - 💤 無新檔案，等待 40 秒...
2025-09-17 06:27:17,441 - __main__ - INFO - ============================================================
2025-09-17 06:27:17,443 - __main__ - INFO - 🚀 MySQL 自動導入服務啟動
2025-09-17 06:27:17,445 - __main__ - INFO - 📁 監控目錄: /mnt/sql/incoming
2025-09-17 06:27:17,446 - __main__ - INFO - 🔄 掃描間隔: 10 秒
2025-09-17 06:27:17,447 - __main__ - INFO - 📦 批次大小: 1000
2025-09-17 06:27:17,449 - __main__ - INFO - ============================================================
2025-09-17 06:27:17,450 - __main__ - INFO - ✅ MySQL 連線成功
2025-09-17 06:28:47,504 - __main__ - INFO - 💤 無新檔案，等待 20 秒...
2025-09-17 06:32:07,556 - __main__ - INFO - 💤 無新檔案，等待 30 秒...
2025-09-17 06:37:07,600 - __main__ - INFO - 💤 無新檔案，等待 40 秒...
2025-09-17 06:38:55,190 - __main__ - INFO - ============================================================
2025-09-17 06:38:55,191 - __main__ - INFO - 🚀 MySQL 自動導入服務啟動
2025-09-17 06:38:55,191 - __main__ - INFO - 📁 監控目錄: /mnt/sql/incoming
2025-09-17 06:38:55,191 - __main__ - INFO - 🔄 掃描間隔: 10 秒
2025-09-17 06:38:55,191 - __main__ - INFO - 📦 批次大小: 1000
2025-09-17 06:38:55,192 - __main__ - INFO - ============================================================
2025-09-17 06:38:55,192 - __main__ - INFO - ✅ MySQL 連線成功
2025-09-17 06:40:25,225 - __main__ - INFO - 💤 無新檔案，等待 20 秒...
2025-09-17 06:43:45,274 - __main__ - INFO - 💤 無新檔案，等待 30 秒...
2025-09-17 06:48:45,331 - __main__ - INFO - 💤 無新檔案，等待 40 秒...
2025-09-17 06:55:25,389 - __main__ - INFO - 💤 無新檔案，等待 50 秒...
2025-09-17 07:03:45,471 - __main__ - INFO - 💤 無新檔案，等待 60 秒...
2025-09-17 07:13:45,539 - __main__ - INFO - 💤 無新檔案，等待 60 秒...
2025-09-17 07:23:45,592 - __main__ - INFO - 💤 無新檔案，等待 60 秒...
2025-09-17 07:33:45,660 - __main__ - INFO - 💤 無新檔案，等待 60 秒...
2025-09-17 07:43:11,118 - __main__ - INFO - ============================================================
2025-09-17 07:43:11,121 - __main__ - INFO - 🚀 MySQL 自動導入服務啟動
2025-09-17 07:43:11,124 - __main__ - INFO - 📁 監控目錄: /mnt/sql/incoming
2025-09-17 07:43:11,124 - __main__ - INFO - 🔄 掃描間隔: 10 秒
2025-09-17 07:43:11,124 - __main__ - INFO - 📦 批次大小: 1000
2025-09-17 07:43:11,127 - __main__ - INFO - ============================================================
2025-09-17 07:43:11,128 - __main__ - INFO - ✅ MySQL 連線成功
2025-09-17 07:44:41,160 - __main__ - INFO - 💤 無新檔案，等待 20 秒...
2025-09-17 07:48:01,219 - __main__ - INFO - 💤 無新檔案，等待 30 秒...
2025-09-17 07:53:01,272 - __main__ - INFO - 💤 無新檔案，等待 40 秒...
2025-09-17 07:59:41,336 - __main__ - INFO - 💤 無新檔案，等待 50 秒...
2025-09-17 08:08:01,405 - __main__ - INFO - 💤 無新檔案，等待 60 秒...
2025-09-17 08:18:01,471 - __main__ - INFO - 💤 無新檔案，等待 60 秒...
2025-09-17 08:28:01,532 - __main__ - INFO - 💤 無新檔案，等待 60 秒...
2025-09-17 08:38:01,590 - __main__ - INFO - 💤 無新檔案，等待 60 秒...
2025-09-17 08:48:01,656 - __main__ - INFO - 💤 無新檔案，等待 60 秒...
