2025-09-16 06:55:16,521 - __main__ - INFO - ============================================================
2025-09-16 06:55:16,522 - __main__ - INFO - 🚀 MySQL 自動導入服務啟動
2025-09-16 06:55:16,522 - __main__ - INFO - 📁 監控目錄: /mnt/sql/incoming
2025-09-16 06:55:16,522 - __main__ - INFO - 🔄 掃描間隔: 10 秒
2025-09-16 06:55:16,523 - __main__ - INFO - 📦 批次大小: 1000
2025-09-16 06:55:16,523 - __main__ - INFO - ============================================================
2025-09-16 06:55:16,524 - __main__ - INFO - ✅ MySQL 連線成功
2025-09-16 06:56:46,566 - __main__ - INFO - 💤 無新檔案，等待 20 秒...
2025-09-16 07:00:06,600 - __main__ - INFO - 💤 無新檔案，等待 30 秒...
2025-09-16 07:05:06,630 - __main__ - INFO - 💤 無新檔案，等待 40 秒...
2025-09-16 07:11:46,691 - __main__ - INFO - 💤 無新檔案，等待 50 秒...
2025-09-16 07:20:06,742 - __main__ - INFO - 💤 無新檔案，等待 60 秒...
2025-09-16 07:30:06,798 - __main__ - INFO - 💤 無新檔案，等待 60 秒...
2025-09-16 07:40:06,859 - __main__ - INFO - 💤 無新檔案，等待 60 秒...
2025-09-16 07:54:52,165 - __main__ - INFO - 💤 無新檔案，等待 60 秒...
2025-09-16 08:04:52,231 - __main__ - INFO - 💤 無新檔案，等待 60 秒...
2025-09-16 08:14:52,293 - __main__ - INFO - 💤 無新檔案，等待 60 秒...
2025-09-16 08:24:52,361 - __main__ - INFO - 💤 無新檔案，等待 60 秒...
2025-09-16 08:34:52,419 - __main__ - INFO - 💤 無新檔案，等待 60 秒...
2025-09-16 08:44:52,477 - __main__ - INFO - 💤 無新檔案，等待 60 秒...
2025-09-16 08:54:52,544 - __main__ - INFO - 💤 無新檔案，等待 60 秒...
2025-09-16 09:04:52,614 - __main__ - INFO - 💤 無新檔案，等待 60 秒...
2025-09-16 09:14:52,664 - __main__ - INFO - 💤 無新檔案，等待 60 秒...
2025-09-16 09:20:42,404 - __main__ - INFO - ============================================================
2025-09-16 09:20:42,404 - __main__ - INFO - 🚀 MySQL 自動導入服務啟動
2025-09-16 09:20:42,405 - __main__ - INFO - 📁 監控目錄: /mnt/sql/incoming
2025-09-16 09:20:42,405 - __main__ - INFO - 🔄 掃描間隔: 10 秒
2025-09-16 09:20:42,405 - __main__ - INFO - 📦 批次大小: 1000
2025-09-16 09:20:42,405 - __main__ - INFO - ============================================================
2025-09-16 09:20:42,405 - __main__ - INFO - ✅ MySQL 連線成功
2025-09-16 09:22:12,446 - __main__ - INFO - 💤 無新檔案，等待 20 秒...
2025-09-16 09:25:32,506 - __main__ - INFO - 💤 無新檔案，等待 30 秒...
2025-09-16 09:30:32,552 - __main__ - INFO - 💤 無新檔案，等待 40 秒...
