2025-08-22 08:42:39,648 - INFO - 開始執行 IK 詞典繁體中文轉換...
2025-08-22 08:42:39,674 - INFO - 找到 6 個詞典文件需要轉換
2025-08-22 08:42:39,674 - WARNING - 文件不存在: main.dic
2025-08-22 08:42:39,674 - WARNING - 文件不存在: quantifier.dic
2025-08-22 08:42:39,674 - WARNING - 文件不存在: suffix.dic
2025-08-22 08:42:39,674 - WARNING - 文件不存在: surname.dic
2025-08-22 08:42:39,674 - WARNING - 文件不存在: stopword.dic
2025-08-22 08:42:39,674 - WARNING - 文件不存在: preposition.dic
2025-08-22 08:42:39,675 - INFO - ==================================================
2025-08-22 08:42:39,675 - INFO - 轉換統計報告:
2025-08-22 08:42:39,675 - INFO -   - 轉換文件數: 0
2025-08-22 08:42:39,675 - INFO -   - 轉換詞彙數: 0
2025-08-22 08:42:39,676 - INFO -   - 重複詞彙數: 0
2025-08-22 08:42:39,676 - INFO -   - 錯誤行數: 0
2025-08-22 08:42:39,676 - INFO -   - 自定義轉換: 0 個
2025-08-22 08:42:39,676 - INFO - ==================================================
2025-08-22 08:42:39,676 - INFO - 所有詞典轉換完成！
2025-08-22 08:46:09,418 - INFO - 開始執行 IK 詞典繁體中文轉換...
2025-08-22 08:46:09,436 - INFO - 找到 6 個詞典文件需要轉換
2025-08-22 08:46:09,436 - WARNING - 文件不存在: main.dic
2025-08-22 08:46:09,436 - WARNING - 文件不存在: quantifier.dic
2025-08-22 08:46:09,436 - WARNING - 文件不存在: suffix.dic
2025-08-22 08:46:09,437 - WARNING - 文件不存在: surname.dic
2025-08-22 08:46:09,437 - WARNING - 文件不存在: stopword.dic
2025-08-22 08:46:09,437 - WARNING - 文件不存在: preposition.dic
2025-08-22 08:46:09,445 - INFO - ==================================================
2025-08-22 08:46:09,445 - INFO - 轉換統計報告:
2025-08-22 08:46:09,446 - INFO -   - 轉換文件數: 0
2025-08-22 08:46:09,446 - INFO -   - 轉換詞彙數: 0
2025-08-22 08:46:09,446 - INFO -   - 重複詞彙數: 0
2025-08-22 08:46:09,446 - INFO -   - 錯誤行數: 0
2025-08-22 08:46:09,446 - INFO -   - 自定義轉換: 0 個
2025-08-22 08:46:09,446 - INFO - ==================================================
2025-08-22 08:46:09,446 - INFO - 所有詞典轉換完成！
2025-08-22 08:50:20,960 - INFO - 開始執行 IK 詞典繁體中文轉換...
2025-08-22 08:50:20,985 - INFO - 找到 6 個詞典文件需要轉換
2025-08-22 08:50:20,985 - WARNING - 文件不存在: main.dic
2025-08-22 08:50:20,986 - WARNING - 文件不存在: quantifier.dic
2025-08-22 08:50:20,986 - WARNING - 文件不存在: suffix.dic
2025-08-22 08:50:20,986 - WARNING - 文件不存在: surname.dic
2025-08-22 08:50:20,986 - WARNING - 文件不存在: stopword.dic
2025-08-22 08:50:20,986 - WARNING - 文件不存在: preposition.dic
2025-08-22 08:50:20,989 - INFO - ==================================================
2025-08-22 08:50:20,989 - INFO - 轉換統計報告:
2025-08-22 08:50:20,989 - INFO -   - 轉換文件數: 0
2025-08-22 08:50:20,989 - INFO -   - 轉換詞彙數: 0
2025-08-22 08:50:20,989 - INFO -   - 重複詞彙數: 0
2025-08-22 08:50:20,989 - INFO -   - 錯誤行數: 0
2025-08-22 08:50:20,989 - INFO -   - 自定義轉換: 0 個
2025-08-22 08:50:20,990 - INFO - ==================================================
2025-08-22 08:50:20,990 - INFO - 所有詞典轉換完成！
2025-08-22 08:56:53,580 - INFO - 開始執行 IK 詞典繁體中文轉換...
2025-08-22 08:56:53,599 - INFO - 找到 6 個詞典文件需要轉換
2025-08-22 08:56:53,599 - WARNING - 文件不存在: main.dic
2025-08-22 08:56:53,599 - WARNING - 文件不存在: quantifier.dic
2025-08-22 08:56:53,599 - WARNING - 文件不存在: suffix.dic
2025-08-22 08:56:53,599 - WARNING - 文件不存在: surname.dic
2025-08-22 08:56:53,600 - WARNING - 文件不存在: stopword.dic
2025-08-22 08:56:53,600 - WARNING - 文件不存在: preposition.dic
2025-08-22 08:56:53,600 - INFO - ==================================================
2025-08-22 08:56:53,600 - INFO - 轉換統計報告:
2025-08-22 08:56:53,600 - INFO -   - 轉換文件數: 0
2025-08-22 08:56:53,600 - INFO -   - 轉換詞彙數: 0
2025-08-22 08:56:53,600 - INFO -   - 重複詞彙數: 0
2025-08-22 08:56:53,601 - INFO -   - 錯誤行數: 0
2025-08-22 08:56:53,601 - INFO -   - 自定義轉換: 0 個
2025-08-22 08:56:53,601 - INFO - ==================================================
2025-08-22 08:56:53,601 - INFO - 所有詞典轉換完成！
