2025-09-18 06:58:13,287 - __main__ - INFO - ⏳ 等待 MySQL 就緒...
2025-09-18 06:58:13,288 - __main__ - INFO - 建立新的資料庫連線...
2025-09-18 06:58:13,481 - __main__ - INFO - ✅ 資料表建立/確認成功
2025-09-18 06:58:13,482 - __main__ - INFO - 資料庫連線已關閉
2025-09-18 06:58:13,482 - __main__ - INFO - ✅ MySQL 連線成功
2025-09-18 06:58:13,482 - __main__ - INFO - 建立新的資料庫連線...
2025-09-18 06:58:13,489 - __main__ - INFO - ✅ 資料表建立/確認成功
2025-09-18 06:58:13,490 - __main__ - INFO - PDF 處理服務初始化完成
2025-09-18 06:58:13,490 - __main__ - INFO - ============================================================
2025-09-18 06:58:13,490 - __main__ - INFO - 🚀 PDF 處理服務啟動
2025-09-18 06:58:13,490 - __main__ - INFO - 📁 監控目錄: /mnt/pdf/incoming
2025-09-18 06:58:13,490 - __main__ - INFO - ⏱  掃描間隔: 30 秒
2025-09-18 06:58:13,491 - __main__ - INFO - 📦 批次大小: 5
2025-09-18 06:58:13,491 - __main__ - INFO - 🔍 OCR 狀態: 關閉
2025-09-18 06:58:13,491 - __main__ - INFO - ============================================================
2025-09-18 07:01:43,943 - __main__ - INFO - 🔍 發現 21 個待處理檔案
2025-09-18 07:01:43,956 - __main__ - INFO - 📄 開始處理: G鎖-FMEA.pdf (164.3 KB)
2025-09-18 07:01:44,012 - __main__ - INFO -   提取文本: 1708 字元, 1 頁
2025-09-18 07:01:44,015 - __main__ - INFO -   文檔資訊: 類型=DFMEA, 產品數=0, 關鍵字數=3
2025-09-18 07:01:44,025 - __main__ - INFO -   ✅ 成功處理，耗時: 69ms
2025-09-18 07:01:45,100 - __main__ - INFO - 📄 開始處理: G鎖-客訴資料.pdf (15395.5 KB)
2025-09-18 07:02:26,426 - __main__ - INFO -   提取文本: 896 字元, 4 頁
2025-09-18 07:02:26,432 - __main__ - INFO -   文檔資訊: 類型=COMPLAINT, 產品數=0, 關鍵字數=0
2025-09-18 07:02:26,446 - __main__ - INFO -   ✅ 成功處理，耗時: 41370ms
2025-09-18 07:02:27,448 - __main__ - INFO - 📄 開始處理: G鎖-設變單通知單-2.pdf (390.5 KB)
2025-09-18 07:02:27,454 - __main__ - ERROR -   ❌ 處理失敗: 無法提取文本內容（檔案可能損壞或為圖片）
2025-09-18 07:02:28,465 - __main__ - INFO - 📄 開始處理: G鎖-設變單通知單-3.pdf (707.9 KB)
2025-09-18 07:02:28,476 - __main__ - ERROR -   ❌ 處理失敗: 無法提取文本內容（檔案可能損壞或為圖片）
2025-09-18 07:02:29,502 - __main__ - INFO - 📄 開始處理: G鎖-設變單通知單-4.pdf (2333.8 KB)
2025-09-18 07:02:29,520 - __main__ - ERROR -   ❌ 處理失敗: 無法提取文本內容（檔案可能損壞或為圖片）
2025-09-18 07:02:30,525 - __main__ - INFO - ✨ 本輪處理完成，共 2 個檔案
2025-09-18 07:02:35,536 - __main__ - INFO - 🔍 發現 16 個待處理檔案
2025-09-18 07:02:35,545 - __main__ - INFO - 📄 開始處理: G鎖-設變單通知單.pdf (651.5 KB)
2025-09-18 07:02:35,556 - __main__ - ERROR -   ❌ 處理失敗: 無法提取文本內容（檔案可能損壞或為圖片）
2025-09-18 07:02:36,593 - __main__ - INFO - 📄 開始處理: G鎖-設變申請單-2.pdf (4549.1 KB)
2025-09-18 07:02:48,366 - __main__ - INFO -   提取文本: 515 字元, 2 頁
2025-09-18 07:02:48,369 - __main__ - INFO -   文檔資訊: 類型=GENERAL, 產品數=0, 關鍵字數=0
2025-09-18 07:02:48,374 - __main__ - INFO -   ✅ 成功處理，耗時: 11788ms
2025-09-18 07:02:49,417 - __main__ - INFO - 📄 開始處理: G鎖-設變申請單-3.pdf (4077.5 KB)
2025-09-18 07:02:58,514 - __main__ - INFO -   提取文本: 248 字元, 2 頁
2025-09-18 07:02:58,515 - __main__ - INFO -   文檔資訊: 類型=GENERAL, 產品數=0, 關鍵字數=0
2025-09-18 07:02:58,520 - __main__ - INFO -   ✅ 成功處理，耗時: 9106ms
2025-09-18 07:02:59,553 - __main__ - INFO - 📄 開始處理: G鎖-設變申請單-4.pdf (5435.5 KB)
2025-09-18 07:03:12,145 - __main__ - INFO -   提取文本: 257 字元, 2 頁
2025-09-18 07:03:12,146 - __main__ - INFO -   文檔資訊: 類型=GENERAL, 產品數=0, 關鍵字數=0
2025-09-18 07:03:12,154 - __main__ - INFO -   ✅ 成功處理，耗時: 12610ms
2025-09-18 07:03:13,192 - __main__ - INFO - 📄 開始處理: G鎖-設變申請單.pdf (5890.8 KB)
2025-09-18 07:03:26,864 - __main__ - INFO -   提取文本: 380 字元, 2 頁
2025-09-18 07:03:26,866 - __main__ - INFO -   文檔資訊: 類型=GENERAL, 產品數=0, 關鍵字數=0
2025-09-18 07:03:26,871 - __main__ - INFO -   ✅ 成功處理，耗時: 13685ms
2025-09-18 07:03:27,873 - __main__ - INFO - ✨ 本輪處理完成，共 4 個檔案
2025-09-18 07:03:32,886 - __main__ - INFO - 🔍 發現 11 個待處理檔案
2025-09-18 07:03:32,976 - __main__ - INFO - 📄 開始處理: L鎖-客訴資料.pdf (18806.2 KB)
2025-09-18 07:04:23,837 - __main__ - INFO -   提取文本: 1622 字元, 4 頁
2025-09-18 07:04:23,853 - __main__ - INFO -   文檔資訊: 類型=COMPLAINT, 產品數=0, 關鍵字數=0
2025-09-18 07:04:23,888 - __main__ - INFO -   ✅ 成功處理，耗時: 50935ms
2025-09-18 07:04:24,966 - __main__ - INFO - 📄 開始處理: L鎖-設變單申請單.pdf (4574.5 KB)
2025-09-18 07:04:43,946 - __main__ - INFO -   提取文本: 210 字元, 2 頁
2025-09-18 07:04:43,955 - __main__ - INFO -   文檔資訊: 類型=GENERAL, 產品數=0, 關鍵字數=0
2025-09-18 07:04:43,964 - __main__ - INFO -   ✅ 成功處理，耗時: 19004ms
2025-09-18 07:04:44,968 - __main__ - INFO - 📄 開始處理: L鎖-設變單通知單.pdf (298.5 KB)
2025-09-18 07:04:44,982 - __main__ - ERROR -   ❌ 處理失敗: 無法提取文本內容（檔案可能損壞或為圖片）
2025-09-18 07:04:45,993 - __main__ - INFO - 📄 開始處理: T鎖-FMEA.pdf (154.1 KB)
2025-09-18 07:04:46,109 - __main__ - INFO -   提取文本: 2957 字元, 1 頁
2025-09-18 07:04:46,110 - __main__ - INFO -   文檔資訊: 類型=DFMEA, 產品數=0, 關鍵字數=5
2025-09-18 07:04:46,118 - __main__ - INFO -   ✅ 成功處理，耗時: 124ms
2025-09-18 07:04:47,178 - __main__ - INFO - 📄 開始處理: T鎖-客訴資料.pdf (12679.3 KB)
2025-09-18 07:05:17,613 - __main__ - INFO -   提取文本: 1097 字元, 4 頁
2025-09-18 07:05:17,620 - __main__ - INFO -   文檔資訊: 類型=COMPLAINT, 產品數=0, 關鍵字數=0
2025-09-18 07:05:17,626 - __main__ - INFO -   ✅ 成功處理，耗時: 30459ms
2025-09-18 07:05:18,629 - __main__ - INFO - ✨ 本輪處理完成，共 4 個檔案
2025-09-18 07:05:23,641 - __main__ - INFO - 🔍 發現 6 個待處理檔案
2025-09-18 07:05:23,668 - __main__ - INFO - 📄 開始處理: T鎖-設變單申請單-2.pdf (4930.4 KB)
2025-09-18 07:05:35,795 - __main__ - INFO -   提取文本: 261 字元, 2 頁
2025-09-18 07:05:35,797 - __main__ - INFO -   文檔資訊: 類型=GENERAL, 產品數=0, 關鍵字數=0
2025-09-18 07:05:35,804 - __main__ - INFO -   ✅ 成功處理，耗時: 12145ms
2025-09-18 07:05:36,829 - __main__ - INFO - 📄 開始處理: T鎖-設變單申請單-3.pdf (5097.2 KB)
2025-09-18 07:05:47,999 - __main__ - INFO -   提取文本: 269 字元, 2 頁
2025-09-18 07:05:48,001 - __main__ - INFO -   文檔資訊: 類型=GENERAL, 產品數=0, 關鍵字數=0
2025-09-18 07:05:48,005 - __main__ - INFO -   ✅ 成功處理，耗時: 11182ms
2025-09-18 07:05:49,040 - __main__ - INFO - 📄 開始處理: T鎖-設變單申請單.pdf (5424.7 KB)
2025-09-18 07:06:01,619 - __main__ - INFO -   提取文本: 324 字元, 2 頁
2025-09-18 07:06:01,621 - __main__ - INFO -   文檔資訊: 類型=GENERAL, 產品數=0, 關鍵字數=0
2025-09-18 07:06:01,626 - __main__ - INFO -   ✅ 成功處理，耗時: 12594ms
2025-09-18 07:06:02,639 - __main__ - INFO - 📄 開始處理: T鎖-設變單通知單-2.pdf (1678.1 KB)
2025-09-18 07:06:02,652 - __main__ - ERROR -   ❌ 處理失敗: 無法提取文本內容（檔案可能損壞或為圖片）
2025-09-18 07:06:03,666 - __main__ - INFO - 📄 開始處理: T鎖-設變單通知單-3.pdf (1234.9 KB)
2025-09-18 07:06:03,678 - __main__ - ERROR -   ❌ 處理失敗: 無法提取文本內容（檔案可能損壞或為圖片）
2025-09-18 07:06:04,682 - __main__ - INFO - ✨ 本輪處理完成，共 3 個檔案
2025-09-18 07:06:09,695 - __main__ - INFO - 🔍 發現 1 個待處理檔案
2025-09-18 07:06:09,711 - __main__ - INFO - 📄 開始處理: T鎖-設變單通知單.pdf (2156.4 KB)
2025-09-18 07:06:09,722 - __main__ - ERROR -   ❌ 處理失敗: 無法提取文本內容（檔案可能損壞或為圖片）
2025-09-18 07:10:41,212 - __main__ - INFO - 💤 無新檔案，等待 60 秒...
2025-09-18 07:15:41,694 - __main__ - INFO - 💤 無新檔案，等待 90 秒...
2025-09-18 07:20:42,252 - __main__ - INFO - 💤 無新檔案，等待 120 秒...
2025-09-18 07:20:54,596 - __main__ - INFO - 🛑 收到中斷信號，準備優雅關閉...
2025-09-18 07:20:55,279 - __main__ - INFO - 🛑 服務正在關閉...
2025-09-18 07:20:55,283 - __main__ - INFO - 資料庫連線已關閉
2025-09-18 07:20:55,283 - __main__ - INFO - 👋 服務已停止
2025-09-18 07:24:08,808 - __main__ - INFO - ⏳ 等待 MySQL 就緒...
2025-09-18 07:24:08,809 - __main__ - INFO - 建立新的資料庫連線...
2025-09-18 07:24:08,828 - __main__ - INFO - ✅ 資料表建立/確認成功
2025-09-18 07:24:08,828 - __main__ - INFO - 資料庫連線已關閉
2025-09-18 07:24:08,828 - __main__ - INFO - ✅ MySQL 連線成功
2025-09-18 07:24:08,829 - __main__ - INFO - 建立新的資料庫連線...
2025-09-18 07:24:08,833 - __main__ - INFO - ✅ 資料表建立/確認成功
2025-09-18 07:24:08,834 - __main__ - INFO - 載入狀態檔案，已處理 21 個檔案
2025-09-18 07:24:08,834 - __main__ - INFO - PDF 處理服務初始化完成
2025-09-18 07:24:08,834 - __main__ - INFO - ============================================================
2025-09-18 07:24:08,835 - __main__ - INFO - 🚀 PDF 處理服務啟動
2025-09-18 07:24:08,835 - __main__ - INFO - 📁 監控目錄: /mnt/pdf/incoming
2025-09-18 07:24:08,835 - __main__ - INFO - ⏱  掃描間隔: 30 秒
2025-09-18 07:24:08,835 - __main__ - INFO - 📦 批次大小: 5
2025-09-18 07:24:08,835 - __main__ - INFO - 🔍 OCR 狀態: 啟用
2025-09-18 07:24:08,835 - __main__ - INFO - ============================================================
2025-09-18 07:24:38,901 - __main__ - INFO - 🔍 發現 1 個待處理檔案
2025-09-18 07:24:38,906 - __main__ - INFO - ⏭️ 跳過已處理: G鎖-設變單通知單.pdf
2025-09-18 07:28:39,373 - __main__ - INFO - 🔍 發現 1 個待處理檔案
2025-09-18 07:28:39,379 - __main__ - INFO - ⏭️ 跳過已處理: G鎖-設變單通知單.pdf
2025-09-18 07:28:39,380 - __main__ - INFO - 💤 無新檔案，等待 60 秒...
2025-09-18 07:29:31,082 - __main__ - INFO - 🛑 收到中斷信號，準備優雅關閉...
2025-09-18 07:29:31,468 - __main__ - INFO - 🛑 服務正在關閉...
2025-09-18 07:29:31,472 - __main__ - INFO - 資料庫連線已關閉
2025-09-18 07:29:31,472 - __main__ - INFO - 👋 服務已停止
2025-09-18 07:29:31,958 - __main__ - INFO - ⏳ 等待 MySQL 就緒...
2025-09-18 07:29:31,958 - __main__ - INFO - 建立新的資料庫連線...
2025-09-18 07:29:31,966 - __main__ - INFO - ✅ 資料表建立/確認成功
2025-09-18 07:29:31,966 - __main__ - INFO - 資料庫連線已關閉
2025-09-18 07:29:31,966 - __main__ - INFO - ✅ MySQL 連線成功
2025-09-18 07:29:31,966 - __main__ - INFO - 建立新的資料庫連線...
2025-09-18 07:29:31,969 - __main__ - INFO - ✅ 資料表建立/確認成功
2025-09-18 07:29:31,969 - __main__ - INFO - PDF 處理服務初始化完成
2025-09-18 07:29:31,969 - __main__ - INFO - ============================================================
2025-09-18 07:29:31,970 - __main__ - INFO - 🚀 PDF 處理服務啟動
2025-09-18 07:29:31,970 - __main__ - INFO - 📁 監控目錄: /mnt/pdf/incoming
2025-09-18 07:29:31,970 - __main__ - INFO - ⏱  掃描間隔: 30 秒
2025-09-18 07:29:31,970 - __main__ - INFO - 📦 批次大小: 5
2025-09-18 07:29:31,971 - __main__ - INFO - 🔍 OCR 狀態: 啟用
2025-09-18 07:29:31,971 - __main__ - INFO - ============================================================
2025-09-18 07:30:02,034 - __main__ - INFO - 🔍 發現 1 個待處理檔案
2025-09-18 07:30:02,043 - __main__ - INFO - 📄 開始處理: G鎖-設變單通知單.pdf (651.5 KB)
2025-09-18 07:30:02,062 - __main__ - ERROR -   ❌ 處理失敗: 無法提取文本內容（檔案可能損壞或為圖片）
2025-09-18 07:34:03,506 - __main__ - INFO - 💤 無新檔案，等待 60 秒...
2025-09-18 07:34:26,244 - __main__ - INFO - 🛑 收到中斷信號，準備優雅關閉...
2025-09-18 07:34:26,557 - __main__ - INFO - 🛑 服務正在關閉...
2025-09-18 07:34:26,560 - __main__ - INFO - 資料庫連線已關閉
2025-09-18 07:34:26,562 - __main__ - INFO - 👋 服務已停止
2025-09-18 07:39:18,060 - __main__ - INFO - ⏳ 等待 MySQL 就緒...
2025-09-18 07:39:18,062 - __main__ - INFO - 建立新的資料庫連線...
2025-09-18 07:39:18,072 - __main__ - INFO - ✅ 資料表建立/確認成功
2025-09-18 07:39:18,073 - __main__ - INFO - 資料庫連線已關閉
2025-09-18 07:39:18,073 - __main__ - INFO - ✅ MySQL 連線成功
2025-09-18 07:39:18,073 - __main__ - INFO - 建立新的資料庫連線...
2025-09-18 07:39:18,077 - __main__ - INFO - ✅ 資料表建立/確認成功
2025-09-18 07:39:18,077 - __main__ - INFO - PDF 處理服務初始化完成
2025-09-18 07:39:18,078 - __main__ - INFO - ============================================================
2025-09-18 07:39:18,078 - __main__ - INFO - 🚀 PDF 處理服務啟動
2025-09-18 07:39:18,078 - __main__ - INFO - 📁 監控目錄: /mnt/pdf/incoming
2025-09-18 07:39:18,078 - __main__ - INFO - ⏱  掃描間隔: 30 秒
2025-09-18 07:39:18,078 - __main__ - INFO - 📦 批次大小: 5
2025-09-18 07:39:18,078 - __main__ - INFO - 🔍 OCR 狀態: 啟用
2025-09-18 07:39:18,079 - __main__ - INFO - ============================================================
2025-09-18 07:43:48,673 - __main__ - INFO - 💤 無新檔案，等待 60 秒...
2025-09-18 07:48:49,186 - __main__ - INFO - 💤 無新檔案，等待 90 秒...
2025-09-18 07:54:01,761 - __main__ - INFO - ⏳ 等待 MySQL 就緒...
2025-09-18 07:54:01,762 - __main__ - INFO - 建立新的資料庫連線...
2025-09-18 07:54:01,783 - __main__ - INFO - ✅ 資料表建立/確認成功
2025-09-18 07:54:01,783 - __main__ - INFO - 資料庫連線已關閉
2025-09-18 07:54:01,783 - __main__ - INFO - ✅ MySQL 連線成功
2025-09-18 07:54:01,784 - __main__ - INFO - 建立新的資料庫連線...
2025-09-18 07:54:01,787 - __main__ - INFO - ✅ 資料表建立/確認成功
2025-09-18 07:54:01,788 - __main__ - INFO - PDF 處理服務初始化完成
2025-09-18 07:54:01,788 - __main__ - INFO - ============================================================
2025-09-18 07:54:01,788 - __main__ - INFO - 🚀 PDF 處理服務啟動
2025-09-18 07:54:01,788 - __main__ - INFO - 📁 監控目錄: /mnt/pdf/incoming
2025-09-18 07:54:01,788 - __main__ - INFO - ⏱  掃描間隔: 20 秒
2025-09-18 07:54:01,788 - __main__ - INFO - 📦 批次大小: 3
2025-09-18 07:54:01,788 - __main__ - INFO - 🔍 OCR 狀態: 啟用
2025-09-18 07:54:01,789 - __main__ - INFO - ============================================================
2025-09-18 07:54:21,821 - __main__ - INFO - 🔍 發現 21 個待處理檔案
2025-09-18 07:54:21,828 - __main__ - INFO - 📄 開始處理: G鎖-FMEA.pdf (164.3 KB)
2025-09-18 07:54:21,893 - __main__ - INFO -   提取文本: 1708 字元, 1 頁
2025-09-18 07:54:21,895 - __main__ - INFO -   文檔資訊: 類型=DFMEA, 產品數=0, 關鍵字數=3
2025-09-18 07:54:21,901 - __main__ - INFO -   ✅ 成功處理，耗時: 72ms
2025-09-18 07:54:22,959 - __main__ - INFO - 📄 開始處理: G鎖-客訴資料.pdf (15395.5 KB)
2025-09-18 07:55:01,782 - __main__ - INFO -   提取文本: 896 字元, 4 頁
2025-09-18 07:55:01,789 - __main__ - INFO -   文檔資訊: 類型=COMPLAINT, 產品數=0, 關鍵字數=0
2025-09-18 07:55:01,836 - __main__ - INFO -   ✅ 成功處理，耗時: 38892ms
2025-09-18 07:55:02,844 - __main__ - INFO - 📄 開始處理: G鎖-設變單通知單-2.pdf (390.5 KB)
2025-09-18 07:55:02,855 - __main__ - ERROR -   ❌ 處理失敗: 無法提取文本內容（檔案可能損壞或為圖片）
2025-09-18 07:55:03,861 - __main__ - INFO - ✨ 本輪處理完成，共 2 個檔案
2025-09-18 07:55:08,875 - __main__ - INFO - 🔍 發現 18 個待處理檔案
2025-09-18 07:55:08,884 - __main__ - INFO - 📄 開始處理: G鎖-設變單通知單-3.pdf (707.9 KB)
2025-09-18 07:55:08,894 - __main__ - ERROR -   ❌ 處理失敗: 無法提取文本內容（檔案可能損壞或為圖片）
2025-09-18 07:55:09,914 - __main__ - INFO - 📄 開始處理: G鎖-設變單通知單-4.pdf (2333.8 KB)
2025-09-18 07:55:09,930 - __main__ - ERROR -   ❌ 處理失敗: 無法提取文本內容（檔案可能損壞或為圖片）
2025-09-18 07:55:10,945 - __main__ - INFO - 📄 開始處理: G鎖-設變單通知單.pdf (651.5 KB)
2025-09-18 07:55:10,955 - __main__ - ERROR -   ❌ 處理失敗: 無法提取文本內容（檔案可能損壞或為圖片）
2025-09-18 07:55:31,999 - __main__ - INFO - 🔍 發現 15 個待處理檔案
2025-09-18 07:55:32,019 - __main__ - INFO - 📄 開始處理: G鎖-設變申請單-2.pdf (4549.1 KB)
2025-09-18 07:55:43,663 - __main__ - INFO -   提取文本: 515 字元, 2 頁
2025-09-18 07:55:43,666 - __main__ - INFO -   文檔資訊: 類型=GENERAL, 產品數=0, 關鍵字數=0
2025-09-18 07:55:43,672 - __main__ - INFO -   ✅ 成功處理，耗時: 11658ms
2025-09-18 07:55:44,695 - __main__ - INFO - 📄 開始處理: G鎖-設變申請單-3.pdf (4077.5 KB)
2025-09-18 07:55:53,625 - __main__ - INFO -   提取文本: 248 字元, 2 頁
2025-09-18 07:55:53,627 - __main__ - INFO -   文檔資訊: 類型=GENERAL, 產品數=0, 關鍵字數=0
2025-09-18 07:55:53,630 - __main__ - INFO -   ✅ 成功處理，耗時: 8941ms
2025-09-18 07:55:54,660 - __main__ - INFO - 📄 開始處理: G鎖-設變申請單-4.pdf (5435.5 KB)
2025-09-18 07:56:06,803 - __main__ - INFO -   提取文本: 257 字元, 2 頁
2025-09-18 07:56:06,805 - __main__ - INFO -   文檔資訊: 類型=GENERAL, 產品數=0, 關鍵字數=0
2025-09-18 07:56:06,809 - __main__ - INFO -   ✅ 成功處理，耗時: 12155ms
2025-09-18 07:56:07,811 - __main__ - INFO - ✨ 本輪處理完成，共 3 個檔案
2025-09-18 07:56:12,823 - __main__ - INFO - 🔍 發現 12 個待處理檔案
2025-09-18 07:56:12,862 - __main__ - INFO - 📄 開始處理: G鎖-設變申請單.pdf (5890.8 KB)
2025-09-18 07:56:25,987 - __main__ - INFO -   提取文本: 380 字元, 2 頁
2025-09-18 07:56:25,989 - __main__ - INFO -   文檔資訊: 類型=GENERAL, 產品數=0, 關鍵字數=0
2025-09-18 07:56:25,993 - __main__ - INFO -   ✅ 成功處理，耗時: 13139ms
2025-09-18 07:56:27,066 - __main__ - INFO - 📄 開始處理: L鎖-客訴資料.pdf (18806.2 KB)
2025-09-18 07:57:14,012 - __main__ - INFO -   提取文本: 1622 字元, 4 頁
2025-09-18 07:57:14,026 - __main__ - INFO -   文檔資訊: 類型=COMPLAINT, 產品數=0, 關鍵字數=0
2025-09-18 07:57:14,046 - __main__ - INFO -   ✅ 成功處理，耗時: 46996ms
2025-09-18 07:57:15,071 - __main__ - INFO - 📄 開始處理: L鎖-設變單申請單.pdf (4574.5 KB)
2025-09-18 07:57:27,436 - __main__ - INFO -   提取文本: 210 字元, 2 頁
2025-09-18 07:57:27,437 - __main__ - INFO -   文檔資訊: 類型=GENERAL, 產品數=0, 關鍵字數=0
2025-09-18 07:57:27,443 - __main__ - INFO -   ✅ 成功處理，耗時: 12378ms
2025-09-18 07:57:28,447 - __main__ - INFO - ✨ 本輪處理完成，共 3 個檔案
2025-09-18 07:57:33,461 - __main__ - INFO - 🔍 發現 9 個待處理檔案
2025-09-18 07:57:33,465 - __main__ - INFO - 📄 開始處理: L鎖-設變單通知單.pdf (298.5 KB)
2025-09-18 07:57:33,471 - __main__ - ERROR -   ❌ 處理失敗: 無法提取文本內容（檔案可能損壞或為圖片）
2025-09-18 07:57:34,478 - __main__ - INFO - 📄 開始處理: T鎖-FMEA.pdf (154.1 KB)
2025-09-18 07:57:34,560 - __main__ - INFO -   提取文本: 2957 字元, 1 頁
2025-09-18 07:57:34,561 - __main__ - INFO -   文檔資訊: 類型=DFMEA, 產品數=0, 關鍵字數=5
2025-09-18 07:57:34,571 - __main__ - INFO -   ✅ 成功處理，耗時: 91ms
2025-09-18 07:57:35,624 - __main__ - INFO - 📄 開始處理: T鎖-客訴資料.pdf (12679.3 KB)
2025-09-18 07:58:04,954 - __main__ - INFO -   提取文本: 1097 字元, 4 頁
2025-09-18 07:58:04,960 - __main__ - INFO -   文檔資訊: 類型=COMPLAINT, 產品數=0, 關鍵字數=0
2025-09-18 07:58:04,965 - __main__ - INFO -   ✅ 成功處理，耗時: 29353ms
2025-09-18 07:58:05,967 - __main__ - INFO - ✨ 本輪處理完成，共 2 個檔案
2025-09-18 07:58:10,977 - __main__ - INFO - 🔍 發現 6 個待處理檔案
2025-09-18 07:58:11,003 - __main__ - INFO - 📄 開始處理: T鎖-設變單申請單-2.pdf (4930.4 KB)
2025-09-18 07:58:22,653 - __main__ - INFO -   提取文本: 261 字元, 2 頁
2025-09-18 07:58:22,654 - __main__ - INFO -   文檔資訊: 類型=GENERAL, 產品數=0, 關鍵字數=0
2025-09-18 07:58:22,675 - __main__ - INFO -   ✅ 成功處理，耗時: 11678ms
2025-09-18 07:58:23,697 - __main__ - INFO - 📄 開始處理: T鎖-設變單申請單-3.pdf (5097.2 KB)
2025-09-18 07:58:35,140 - __main__ - INFO -   提取文本: 269 字元, 2 頁
2025-09-18 07:58:35,142 - __main__ - INFO -   文檔資訊: 類型=GENERAL, 產品數=0, 關鍵字數=0
2025-09-18 07:58:35,146 - __main__ - INFO -   ✅ 成功處理，耗時: 11455ms
2025-09-18 07:58:36,172 - __main__ - INFO - 📄 開始處理: T鎖-設變單申請單.pdf (5424.7 KB)
2025-09-18 07:58:48,404 - __main__ - INFO -   提取文本: 324 字元, 2 頁
2025-09-18 07:58:48,406 - __main__ - INFO -   文檔資訊: 類型=GENERAL, 產品數=0, 關鍵字數=0
2025-09-18 07:58:48,410 - __main__ - INFO -   ✅ 成功處理，耗時: 12247ms
2025-09-18 07:58:49,412 - __main__ - INFO - ✨ 本輪處理完成，共 3 個檔案
2025-09-18 07:58:54,421 - __main__ - INFO - 🔍 發現 3 個待處理檔案
2025-09-18 07:58:54,431 - __main__ - INFO - 📄 開始處理: T鎖-設變單通知單-2.pdf (1678.1 KB)
2025-09-18 07:58:54,440 - __main__ - ERROR -   ❌ 處理失敗: 無法提取文本內容（檔案可能損壞或為圖片）
2025-09-18 07:58:55,455 - __main__ - INFO - 📄 開始處理: T鎖-設變單通知單-3.pdf (1234.9 KB)
2025-09-18 07:58:55,470 - __main__ - ERROR -   ❌ 處理失敗: 無法提取文本內容（檔案可能損壞或為圖片）
2025-09-18 07:58:56,486 - __main__ - INFO - 📄 開始處理: T鎖-設變單通知單.pdf (2156.4 KB)
2025-09-18 07:58:56,504 - __main__ - ERROR -   ❌ 處理失敗: 無法提取文本內容（檔案可能損壞或為圖片）
2025-09-18 08:01:57,886 - __main__ - INFO - 💤 無新檔案，等待 40 秒...
2025-09-18 08:05:18,262 - __main__ - INFO - 💤 無新檔案，等待 60 秒...
2025-09-18 08:08:38,638 - __main__ - INFO - 💤 無新檔案，等待 80 秒...
2025-09-18 08:11:59,017 - __main__ - INFO - 💤 無新檔案，等待 100 秒...
2025-09-18 08:15:19,371 - __main__ - INFO - 💤 無新檔案，等待 120 秒...
2025-09-18 08:18:39,751 - __main__ - INFO - 💤 無新檔案，等待 140 秒...
2025-09-18 08:22:00,063 - __main__ - INFO - 💤 無新檔案，等待 160 秒...
2025-09-18 08:25:20,474 - __main__ - INFO - 💤 無新檔案，等待 180 秒...
2025-09-18 08:28:40,777 - __main__ - INFO - 💤 無新檔案，等待 200 秒...
2025-09-18 08:32:01,138 - __main__ - INFO - 💤 無新檔案，等待 220 秒...
2025-09-18 08:35:21,499 - __main__ - INFO - 💤 無新檔案，等待 240 秒...
2025-09-18 08:38:41,846 - __main__ - INFO - 💤 無新檔案，等待 260 秒...
2025-09-18 08:42:02,158 - __main__ - INFO - 💤 無新檔案，等待 280 秒...
2025-09-18 08:45:22,581 - __main__ - INFO - 💤 無新檔案，等待 300 秒...
2025-09-18 08:48:43,036 - __main__ - INFO - 💤 無新檔案，等待 300 秒...
2025-09-18 08:51:56,772 - __main__ - INFO - 🛑 收到中斷信號，準備優雅關閉...
2025-09-18 08:51:57,331 - __main__ - INFO - 🛑 服務正在關閉...
2025-09-18 08:51:57,333 - __main__ - INFO - 資料庫連線已關閉
2025-09-18 08:51:57,333 - __main__ - INFO - 👋 服務已停止
